<?xml version="1.0" encoding="UTF-8"?>
<!-- Generated by org.testng.reporters.JUnitReportReporter -->
<testsuite skipped="0" hostname="MacBooks-MacBook-Pro.local" name="Testcases.LoginPageTC" tests="1" failures="0" timestamp="2022-02-13T21:39:19 IST" time="3.069" errors="0">
  <testcase name="LoginToBankapp" time="3.069" classname="Testcases.LoginPageTC"/>
  <system-out/>
</testsuite> <!-- Testcases.LoginPageTC -->
